mode: set
github.com/GolangToolKits/grrtRouterRestExample/handlers/orderHandler.go:43.38,45.2 1 1
github.com/GolangToolKits/grrtRouterRestExample/handlers/orderHandler.go:48.76,68.2 17 1
github.com/GolangToolKits/grrtRouterRestExample/handlers/orderHandler.go:71.75,73.35 2 1
github.com/GolangToolKits/grrtRouterRestExample/handlers/orderHandler.go:73.35,81.17 8 1
github.com/GolangToolKits/grrtRouterRestExample/handlers/orderHandler.go:99.3,100.33 2 1
github.com/GolangToolKits/grrtRouterRestExample/handlers/orderHandler.go:81.17,82.16 1 1
github.com/GolangToolKits/grrtRouterRestExample/handlers/orderHandler.go:94.4,94.13 1 1
github.com/GolangToolKits/grrtRouterRestExample/handlers/orderHandler.go:82.16,88.5 4 1
github.com/GolangToolKits/grrtRouterRestExample/handlers/orderHandler.go:88.10,88.23 1 1
github.com/GolangToolKits/grrtRouterRestExample/handlers/orderHandler.go:88.23,93.5 4 1
github.com/GolangToolKits/grrtRouterRestExample/handlers/orderHandler.go:95.9,98.4 2 1
github.com/GolangToolKits/grrtRouterRestExample/handlers/orderHandler.go:101.8,103.3 1 1
github.com/GolangToolKits/grrtRouterRestExample/handlers/orderHandler.go:107.87,110.35 3 1
github.com/GolangToolKits/grrtRouterRestExample/handlers/orderHandler.go:110.35,120.17 10 1
github.com/GolangToolKits/grrtRouterRestExample/handlers/orderHandler.go:138.3,139.33 2 1
github.com/GolangToolKits/grrtRouterRestExample/handlers/orderHandler.go:120.17,121.16 1 1
github.com/GolangToolKits/grrtRouterRestExample/handlers/orderHandler.go:133.4,133.13 1 1
github.com/GolangToolKits/grrtRouterRestExample/handlers/orderHandler.go:121.16,127.5 4 1
github.com/GolangToolKits/grrtRouterRestExample/handlers/orderHandler.go:127.10,127.23 1 1
github.com/GolangToolKits/grrtRouterRestExample/handlers/orderHandler.go:127.23,132.5 4 1
github.com/GolangToolKits/grrtRouterRestExample/handlers/orderHandler.go:134.9,137.4 2 1
github.com/GolangToolKits/grrtRouterRestExample/handlers/orderHandler.go:140.8,143.3 1 1
github.com/GolangToolKits/grrtRouterRestExample/handlers/orderHandler.go:147.75,150.11 2 1
github.com/GolangToolKits/grrtRouterRestExample/handlers/orderHandler.go:150.11,152.3 1 1
github.com/GolangToolKits/grrtRouterRestExample/handlers/orderHandler.go:152.8,156.29 4 1
github.com/GolangToolKits/grrtRouterRestExample/handlers/orderHandler.go:156.29,158.4 1 1
github.com/GolangToolKits/grrtRouterRestExample/handlers/orderHandler.go:158.9,165.4 6 1
github.com/GolangToolKits/grrtRouterRestExample/handlers/orderHandler.go:170.78,173.11 2 1
github.com/GolangToolKits/grrtRouterRestExample/handlers/orderHandler.go:173.11,175.3 1 1
github.com/GolangToolKits/grrtRouterRestExample/handlers/orderHandler.go:175.8,179.29 4 1
github.com/GolangToolKits/grrtRouterRestExample/handlers/orderHandler.go:179.29,181.4 1 1
github.com/GolangToolKits/grrtRouterRestExample/handlers/orderHandler.go:181.9,188.4 6 1
github.com/GolangToolKits/grrtRouterRestExample/handlers/orderHandler.go:193.59,196.33 3 1
github.com/GolangToolKits/grrtRouterRestExample/handlers/orderHandler.go:199.2,199.12 1 1
github.com/GolangToolKits/grrtRouterRestExample/handlers/orderHandler.go:196.33,198.3 1 1
github.com/GolangToolKits/grrtRouterRestExample/handlers/orderHandler.go:203.62,205.2 1 1
github.com/GolangToolKits/grrtRouterRestExample/handlers/orderHandler.go:208.84,213.19 3 1
github.com/GolangToolKits/grrtRouterRestExample/handlers/orderHandler.go:227.2,227.17 1 1
github.com/GolangToolKits/grrtRouterRestExample/handlers/orderHandler.go:213.19,218.17 3 1
github.com/GolangToolKits/grrtRouterRestExample/handlers/orderHandler.go:218.17,221.4 1 1
github.com/GolangToolKits/grrtRouterRestExample/handlers/orderHandler.go:221.9,223.4 1 1
github.com/GolangToolKits/grrtRouterRestExample/handlers/orderHandler.go:224.8,226.3 1 1
